  playground.cpp
D:\GitHub\my_imgui\examples\playground\playground.cpp(313,13): warning C4018: “<”: 有符号/无符号不匹配
D:\GitHub\my_imgui\examples\playground\playground.cpp(458,22): warning C4838: 从“int”转换到“char”需要收缩转换
D:\GitHub\my_imgui\examples\playground\playground.cpp(458,22): warning C4309: “初始化”: 截断常量值
D:\GitHub\my_imgui\examples\playground\playground.cpp(752,11): warning C4477: “printf”: 格式字符串“%x”需要类型“unsigned int”的参数，但可变参数 1 拥有了类型“main::test_this *”
D:\GitHub\my_imgui\examples\playground\playground.cpp(761,11): warning C4477: “printf”: 格式字符串“%x”需要类型“unsigned int”的参数，但可变参数 1 拥有了类型“main::test_this1 *”
D:\GitHub\my_imgui\examples\playground\playground.cpp(771,11): warning C4477: “printf”: 格式字符串“%x”需要类型“unsigned int”的参数，但可变参数 1 拥有了类型“main::test_this2 *”
D:\GitHub\my_imgui\examples\playground\playground.cpp(853,12): warning C4477: “printf”: 格式字符串“%x”需要类型“unsigned int”的参数，但可变参数 1 拥有了类型“main::test_iner_class::iner_class *”
D:\GitHub\my_imgui\examples\playground\playground.cpp(864,11): warning C4477: “printf”: 格式字符串“%x”需要类型“unsigned int”的参数，但可变参数 1 拥有了类型“void *”
D:\GitHub\my_imgui\examples\playground\playground.cpp(574,14): warning C4101: “tettt”: 未引用的局部变量
D:\GitHub\my_imgui\examples\playground\playground.cpp(563,10): warning C4101: “lgint”: 未引用的局部变量
D:\GitHub\my_imgui\examples\playground\playground.cpp(935,6): warning C4101: “aaa”: 未引用的局部变量
D:\GitHub\my_imgui\examples\playground\fab\factory.h(114,26): warning C4101: “e”: 未引用的局部变量
D:\GitHub\my_imgui\examples\playground\playground.cpp(509): message : 查看对正在编译的函数 模板 实例化“std::unique_ptr<Base,std::default_delete<Base>> fab::Factory<Base,std::string>::Create<int>(const Key &,int &&)”的引用
          with
          [
              Base=MyClass,
              Key=std::string
          ]
D:\GitHub\my_imgui\examples\playground\playground.cpp(509): message : 查看对正在编译的函数 模板 实例化“std::unique_ptr<Base,std::default_delete<Base>> fab::Factory<Base,std::string>::Create<int>(const Key &,int &&)”的引用
          with
          [
              Base=MyClass,
              Key=std::string
          ]
  playground.vcxproj -> D:\GitHub\my_imgui\examples\Debug\playground.exe
