Build started 2018/3/22 16:05:39.
     1>Project "G:\GitHub\imgui\examples\auto_future_graphics_design\auto_future_graphics_design.vcxproj" on node 2 (Build target(s)).
     1>C:\Program Files (x86)\MSBuild\Microsoft.Cpp\v4.0\V120\Microsoft.CppBuild.targets(388,5): warning MSB8028: The intermediate directory (G:\GitHub\imgui\examples\auto_future_graphics_design\Debug\) contains files shared from another project (opengl3_example.vcxproj).  This can lead to incorrect clean and rebuild behavior.
     1>ClCompile:
         D:\Microsoft Visual Studio 12.0\VC\bin\x86_amd64\CL.exe /c /IG:\GitHub\imgui\examples\\..\soil /IG:\GitHub\imgui\examples\\libs\glfw\include /IG:\GitHub\imgui\examples\\libs\gl3w /I..\.. /IG:\GitHub\imgui\examples\\..\glm /Zi /nologo /W4 /WX- /Od /D _MBCS /Gm /EHsc /RTC1 /MDd /GS /fp:precise /Zc:wchar_t /Zc:forScope /Fo"G:\GitHub\imgui\examples\auto_future_graphics_design\Debug\\" /Fd"G:\GitHub\imgui\examples\auto_future_graphics_design\Debug\vc120.pdb" /Gd /TP /errorReport:prompt factory.h main.cpp project_edit.cpp
         project_edit.cpp
     1>project_edit.cpp(67): warning C4267: 'argument' : conversion from 'size_t' to 'int', possible loss of data
         main.cpp
     1>g:\github\imgui\examples\auto_future_graphics_design\ui_assembler.h(10): warning C4512: 'ui_assembler' : assignment operator could not be generated
                 g:\github\imgui\examples\auto_future_graphics_design\ui_assembler.h(4) : see declaration of 'ui_assembler'
     1>main.cpp(76): warning C4189: 'show_another_window' : local variable is initialized but not referenced
     1>main.cpp(75): warning C4189: 'show_demo_window' : local variable is initialized but not referenced
     1>main.cpp(77): warning C4189: 'show_edit_window' : local variable is initialized but not referenced
         Generating Code...
         Skipping... (no relevant changes detected)
         factory.h
       Link:
         D:\Microsoft Visual Studio 12.0\VC\bin\x86_amd64\link.exe /ERRORREPORT:PROMPT /OUT:"G:\GitHub\imgui\examples\auto_future_graphics_design\Debug\auto_future_graphics_design.exe" /INCREMENTAL /NOLOGO /LIBPATH:"G:\GitHub\imgui\examples\\libs\glfw\lib-vc2010-64" /LIBPATH:G:\GitHub\imgui\examples\\..\soil opengl32.lib glfw3.lib SOIL.lib kernel32.lib user32.lib gdi32.lib winspool.lib comdlg32.lib advapi32.lib shell32.lib ole32.lib oleaut32.lib uuid.lib odbc32.lib odbccp32.lib /NODEFAULTLIB:msvcrt.lib /MANIFEST /MANIFESTUAC:"level='asInvoker' uiAccess='false'" /manifest:embed /DEBUG /PDB:"G:\GitHub\imgui\examples\auto_future_graphics_design\Debug\auto_future_graphics_design.pdb" /SUBSYSTEM:CONSOLE /TLBID:1 /DYNAMICBASE /NXCOMPAT /IMPLIB:"G:\GitHub\imgui\examples\auto_future_graphics_design\Debug\auto_future_graphics_design.lib" /MACHINE:X64 G:\GitHub\imgui\examples\auto_future_graphics_design\Debug\imgui.obj
         G:\GitHub\imgui\examples\auto_future_graphics_design\Debug\imgui_demo.obj
         G:\GitHub\imgui\examples\auto_future_graphics_design\Debug\imgui_draw.obj
         G:\GitHub\imgui\examples\auto_future_graphics_design\Debug\gl3w.obj
         G:\GitHub\imgui\examples\auto_future_graphics_design\Debug\af_application.obj
         G:\GitHub\imgui\examples\auto_future_graphics_design\Debug\common_functions.obj
         G:\GitHub\imgui\examples\auto_future_graphics_design\Debug\ft_base.obj
         G:\GitHub\imgui\examples\auto_future_graphics_design\Debug\ft_button.obj
         G:\GitHub\imgui\examples\auto_future_graphics_design\Debug\ft_image.obj
         G:\GitHub\imgui\examples\auto_future_graphics_design\Debug\ft_listbox.obj
         G:\GitHub\imgui\examples\auto_future_graphics_design\Debug\ft_polygon_image.obj
         G:\GitHub\imgui\examples\auto_future_graphics_design\Debug\ft_slide.obj
         G:\GitHub\imgui\examples\auto_future_graphics_design\Debug\ft_trajectory_box.obj
         G:\GitHub\imgui\examples\auto_future_graphics_design\Debug\imgui_impl_glfw_gl3.obj
         G:\GitHub\imgui\examples\auto_future_graphics_design\Debug\json_reader.obj
         G:\GitHub\imgui\examples\auto_future_graphics_design\Debug\json_value.obj
         G:\GitHub\imgui\examples\auto_future_graphics_design\Debug\json_writer.obj
         G:\GitHub\imgui\examples\auto_future_graphics_design\Debug\main.obj
         G:\GitHub\imgui\examples\auto_future_graphics_design\Debug\project_edit.obj
         G:\GitHub\imgui\examples\auto_future_graphics_design\Debug\res_output.obj
         G:\GitHub\imgui\examples\auto_future_graphics_design\Debug\factory.obj
         G:\GitHub\imgui\examples\auto_future_graphics_design\Debug\texture_res_load.obj
         G:\GitHub\imgui\examples\auto_future_graphics_design\Debug\ui_assembler.obj
         auto_future_graphics_design.vcxproj -> G:\GitHub\imgui\examples\auto_future_graphics_design\Debug\auto_future_graphics_design.exe
     1>Done Building Project "G:\GitHub\imgui\examples\auto_future_graphics_design\auto_future_graphics_design.vcxproj" (Build target(s)).

Build succeeded.

Time Elapsed 00:00:01.90
