g:\github\imgui\examples\auto_future_graphics_design\debug\vc120.pdb
g:\github\imgui\examples\auto_future_graphics_design\debug\vc120.idb
g:\github\imgui\examples\auto_future_graphics_design\debug\imgui.obj
g:\github\imgui\examples\auto_future_graphics_design\debug\imgui_demo.obj
g:\github\imgui\examples\auto_future_graphics_design\debug\imgui_draw.obj
g:\github\imgui\examples\auto_future_graphics_design\debug\af_application.obj
g:\github\imgui\examples\auto_future_graphics_design\debug\ft_base.obj
g:\github\imgui\examples\auto_future_graphics_design\debug\ft_button.obj
g:\github\imgui\examples\auto_future_graphics_design\debug\ft_image.obj
g:\github\imgui\examples\auto_future_graphics_design\debug\ft_listbox.obj
g:\github\imgui\examples\auto_future_graphics_design\debug\ft_polygon_image.obj
g:\github\imgui\examples\auto_future_graphics_design\debug\ft_slide.obj
g:\github\imgui\examples\auto_future_graphics_design\debug\ft_trajectory_box.obj
g:\github\imgui\examples\auto_future_graphics_design\debug\imgui_impl_glfw_gl3.obj
g:\github\imgui\examples\auto_future_graphics_design\debug\json_reader.obj
g:\github\imgui\examples\auto_future_graphics_design\debug\json_value.obj
g:\github\imgui\examples\auto_future_graphics_design\debug\json_writer.obj
g:\github\imgui\examples\auto_future_graphics_design\debug\main.obj
g:\github\imgui\examples\auto_future_graphics_design\debug\res_output.obj
g:\github\imgui\examples\auto_future_graphics_design\debug\factory.obj
g:\github\imgui\examples\auto_future_graphics_design\debug\ui_assembler.obj
g:\github\imgui\examples\auto_future_graphics_design\debug\gl3w.obj
g:\github\imgui\examples\auto_future_graphics_design\debug\common_functions.obj
g:\github\imgui\examples\auto_future_graphics_design\debug\auto_future_graphics_design.ilk
g:\github\imgui\examples\auto_future_graphics_design\debug\auto_future_graphics_design.exe
g:\github\imgui\examples\auto_future_graphics_design\debug\auto_future_graphics_design.pdb
g:\github\imgui\examples\auto_future_graphics_design\debug\auto_fut.4a1fb5ea.tlog\cl.command.1.tlog
g:\github\imgui\examples\auto_future_graphics_design\debug\auto_fut.4a1fb5ea.tlog\cl.read.1.tlog
g:\github\imgui\examples\auto_future_graphics_design\debug\auto_fut.4a1fb5ea.tlog\cl.write.1.tlog
g:\github\imgui\examples\auto_future_graphics_design\debug\auto_fut.4a1fb5ea.tlog\link.command.1.tlog
g:\github\imgui\examples\auto_future_graphics_design\debug\auto_fut.4a1fb5ea.tlog\link.read.1.tlog
g:\github\imgui\examples\auto_future_graphics_design\debug\auto_fut.4a1fb5ea.tlog\link.write.1.tlog
