g:\github\imgui\examples\opengl3_example\debug\vc120.pdb
g:\github\imgui\examples\opengl3_example\debug\vc120.idb
g:\github\imgui\examples\opengl3_example\debug\imgui.obj
g:\github\imgui\examples\opengl3_example\debug\imgui_demo.obj
g:\github\imgui\examples\opengl3_example\debug\imgui_draw.obj
g:\github\imgui\examples\opengl3_example\debug\factory.obj
g:\github\imgui\examples\opengl3_example\debug\ft_button.obj
g:\github\imgui\examples\opengl3_example\debug\imgui_impl_glfw_gl3.obj
g:\github\imgui\examples\opengl3_example\debug\main.obj
g:\github\imgui\examples\opengl3_example\debug\res_output.obj
g:\github\imgui\examples\opengl3_example\debug\ui_assembler.obj
g:\github\imgui\examples\opengl3_example\debug\gl3w.obj
g:\github\imgui\examples\opengl3_example\debug\opengl3_example.ilk
g:\github\imgui\examples\opengl3_example\debug\opengl3_example.exe
g:\github\imgui\examples\opengl3_example\debug\opengl3_example.pdb
g:\github\imgui\examples\opengl3_example\debug\opengl3_example.tlog\cl.command.1.tlog
g:\github\imgui\examples\opengl3_example\debug\opengl3_example.tlog\cl.read.1.tlog
g:\github\imgui\examples\opengl3_example\debug\opengl3_example.tlog\cl.write.1.tlog
g:\github\imgui\examples\opengl3_example\debug\opengl3_example.tlog\link.command.1.tlog
g:\github\imgui\examples\opengl3_example\debug\opengl3_example.tlog\link.read.1.tlog
g:\github\imgui\examples\opengl3_example\debug\opengl3_example.tlog\link.write.1.tlog
